  [1m[35m (13.4ms)[0m  [1m[35mSET NAMES utf8,  @@SESSION.sql_mode = CONCAT(CONCAT(@@sql_mode, ',STRICT_ALL_TABLES'), ',NO_AUTO_VALUE_ON_ZERO'),  @@SESSION.sql_auto_is_null = 0, @@SESSION.wait_timeout = 2147483[0m
  [1m[35m (5.6ms)[0m  [1m[35mCREATE DATABASE `chat_app_development` DEFAULT CHARACTER SET `utf8`[0m
  [1m[35m (0.3ms)[0m  [1m[35mSET NAMES utf8,  @@SESSION.sql_mode = CONCAT(CONCAT(@@sql_mode, ',STRICT_ALL_TABLES'), ',NO_AUTO_VALUE_ON_ZERO'),  @@SESSION.sql_auto_is_null = 0, @@SESSION.wait_timeout = 2147483[0m
  [1m[35m (0.7ms)[0m  [1m[35mCREATE DATABASE `chat_app_test` DEFAULT CHARACTER SET `utf8`[0m
Started GET "/" for ::1 at 2021-02-01 16:00:34 +0900
  [1m[35m (12.8ms)[0m  [1m[35mSET NAMES utf8,  @@SESSION.sql_mode = CONCAT(CONCAT(@@sql_mode, ',STRICT_ALL_TABLES'), ',NO_AUTO_VALUE_ON_ZERO'),  @@SESSION.sql_auto_is_null = 0, @@SESSION.wait_timeout = 2147483[0m
Processing by MessagesController#index as HTML
  Rendering messages/index.html.erb within layouts/application
  Rendered messages/index.html.erb within layouts/application (Duration: 1.2ms | Allocations: 375)
[Webpacker] Compiling...
[Webpacker] Compiled all packs in /Users/hirose/projects/chat-app/public/packs
[Webpacker] Hash: 76145d9ce4575ebaa29b
Version: webpack 4.46.0
Time: 2352ms
Built at: 2021/02/01 16:00:39
                                     Asset       Size       Chunks                         Chunk Names
    js/application-c229f7c7014cf8c8d494.js    124 KiB  application  [emitted] [immutable]  application
js/application-c229f7c7014cf8c8d494.js.map    139 KiB  application  [emitted] [dev]        application
                             manifest.json  364 bytes               [emitted]              
Entrypoint application = js/application-c229f7c7014cf8c8d494.js js/application-c229f7c7014cf8c8d494.js.map
[./app/javascript/channels sync recursive _channel\.js$] ./app/javascript/channels sync _channel\.js$ 160 bytes {application} [built]
[./app/javascript/channels/index.js] 211 bytes {application} [built]
[./app/javascript/packs/application.js] 749 bytes {application} [built]
[./node_modules/webpack/buildin/module.js] (webpack)/buildin/module.js 552 bytes {application} [built]
    + 3 hidden modules

Completed 200 OK in 5375ms (Views: 5367.7ms | ActiveRecord: 0.0ms | Allocations: 1506683)


Started GET "/" for ::1 at 2021-02-01 16:46:39 +0900
  [1m[35m (0.6ms)[0m  [1m[35mSET NAMES utf8,  @@SESSION.sql_mode = CONCAT(CONCAT(@@sql_mode, ',STRICT_ALL_TABLES'), ',NO_AUTO_VALUE_ON_ZERO'),  @@SESSION.sql_auto_is_null = 0, @@SESSION.wait_timeout = 2147483[0m
Processing by MessagesController#index as HTML
  Rendering messages/index.html.erb within layouts/application
  Rendered messages/_side_bar.html.erb (Duration: 0.6ms | Allocations: 86)
  Rendered messages/_main_chat.html.erb (Duration: 0.3ms | Allocations: 82)
  Rendered messages/index.html.erb within layouts/application (Duration: 2.4ms | Allocations: 716)
[Webpacker] Everything's up-to-date. Nothing to do
Completed 200 OK in 28ms (Views: 26.2ms | ActiveRecord: 0.0ms | Allocations: 8479)


Started GET "/" for ::1 at 2021-02-01 16:55:00 +0900
  [1m[35m (0.4ms)[0m  [1m[35mSET NAMES utf8,  @@SESSION.sql_mode = CONCAT(CONCAT(@@sql_mode, ',STRICT_ALL_TABLES'), ',NO_AUTO_VALUE_ON_ZERO'),  @@SESSION.sql_auto_is_null = 0, @@SESSION.wait_timeout = 2147483[0m
Processing by MessagesController#index as HTML
  Rendering messages/index.html.erb within layouts/application
  Rendered messages/_side_bar.html.erb (Duration: 0.3ms | Allocations: 82)
  Rendered messages/_main_chat.html.erb (Duration: 0.3ms | Allocations: 81)
  Rendered messages/index.html.erb within layouts/application (Duration: 1.8ms | Allocations: 696)
[Webpacker] Everything's up-to-date. Nothing to do
Completed 200 OK in 15ms (Views: 13.6ms | ActiveRecord: 0.0ms | Allocations: 7989)


Started GET "/" for ::1 at 2021-02-01 16:55:07 +0900
Processing by MessagesController#index as HTML
  Rendering messages/index.html.erb within layouts/application
  Rendered messages/_side_bar.html.erb (Duration: 0.0ms | Allocations: 6)
  Rendered messages/_main_chat.html.erb (Duration: 0.4ms | Allocations: 5)
  Rendered messages/index.html.erb within layouts/application (Duration: 0.9ms | Allocations: 148)
[Webpacker] Everything's up-to-date. Nothing to do
Completed 200 OK in 13ms (Views: 11.7ms | ActiveRecord: 0.0ms | Allocations: 5353)


Started GET "/" for ::1 at 2021-02-01 16:56:08 +0900
Processing by MessagesController#index as HTML
  Rendering messages/index.html.erb within layouts/application
  Rendered messages/_side_bar.html.erb (Duration: 0.2ms | Allocations: 82)
  Rendered messages/_main_chat.html.erb (Duration: 0.2ms | Allocations: 81)
  Rendered messages/index.html.erb within layouts/application (Duration: 1.7ms | Allocations: 695)
[Webpacker] Everything's up-to-date. Nothing to do
Completed 200 OK in 14ms (Views: 13.0ms | ActiveRecord: 0.0ms | Allocations: 7977)


Started GET "/" for ::1 at 2021-02-01 16:56:09 +0900
Processing by MessagesController#index as HTML
  Rendering messages/index.html.erb within layouts/application
  Rendered messages/_side_bar.html.erb (Duration: 0.0ms | Allocations: 6)
  Rendered messages/_main_chat.html.erb (Duration: 0.0ms | Allocations: 5)
  Rendered messages/index.html.erb within layouts/application (Duration: 0.6ms | Allocations: 147)
[Webpacker] Everything's up-to-date. Nothing to do
Completed 200 OK in 10ms (Views: 8.4ms | ActiveRecord: 0.0ms | Allocations: 5356)


Started GET "/" for ::1 at 2021-02-01 17:00:05 +0900
Processing by MessagesController#index as HTML
  Rendering messages/index.html.erb within layouts/application
  Rendered messages/_side_bar.html.erb (Duration: 0.1ms | Allocations: 73)
  Rendered messages/_main_chat.html.erb (Duration: 0.1ms | Allocations: 72)
  Rendered messages/index.html.erb within layouts/application (Duration: 1.3ms | Allocations: 683)
[Webpacker] Everything's up-to-date. Nothing to do
Completed 200 OK in 18ms (Views: 16.0ms | ActiveRecord: 0.0ms | Allocations: 8400)


Started GET "/" for ::1 at 2021-02-01 17:00:06 +0900
Processing by MessagesController#index as HTML
  Rendering messages/index.html.erb within layouts/application
  Rendered messages/_side_bar.html.erb (Duration: 0.0ms | Allocations: 6)
  Rendered messages/_main_chat.html.erb (Duration: 0.0ms | Allocations: 5)
  Rendered messages/index.html.erb within layouts/application (Duration: 0.5ms | Allocations: 147)
[Webpacker] Everything's up-to-date. Nothing to do
Completed 200 OK in 11ms (Views: 9.9ms | ActiveRecord: 0.0ms | Allocations: 5339)


Started GET "/" for ::1 at 2021-02-01 17:01:58 +0900
Processing by MessagesController#index as HTML
  Rendering messages/index.html.erb within layouts/application
  Rendered messages/_side_bar.html.erb (Duration: 0.1ms | Allocations: 73)
  Rendered messages/_main_chat.html.erb (Duration: 0.1ms | Allocations: 72)
  Rendered messages/index.html.erb within layouts/application (Duration: 1.7ms | Allocations: 685)
[Webpacker] Everything's up-to-date. Nothing to do
Completed 200 OK in 23ms (Views: 20.3ms | ActiveRecord: 0.0ms | Allocations: 9340)


Started GET "/" for ::1 at 2021-02-01 17:01:59 +0900
Processing by MessagesController#index as HTML
  Rendering messages/index.html.erb within layouts/application
  Rendered messages/_side_bar.html.erb (Duration: 0.0ms | Allocations: 6)
  Rendered messages/_main_chat.html.erb (Duration: 0.0ms | Allocations: 5)
  Rendered messages/index.html.erb within layouts/application (Duration: 0.4ms | Allocations: 147)
[Webpacker] Everything's up-to-date. Nothing to do
Completed 200 OK in 12ms (Views: 10.9ms | ActiveRecord: 0.0ms | Allocations: 5392)


Started GET "/" for ::1 at 2021-02-01 17:03:25 +0900
  [1m[35m (0.5ms)[0m  [1m[35mSET NAMES utf8,  @@SESSION.sql_mode = CONCAT(CONCAT(@@sql_mode, ',STRICT_ALL_TABLES'), ',NO_AUTO_VALUE_ON_ZERO'),  @@SESSION.sql_auto_is_null = 0, @@SESSION.wait_timeout = 2147483[0m
Processing by MessagesController#index as HTML
  Rendering messages/index.html.erb within layouts/application
  Rendered messages/_side_bar.html.erb (Duration: 0.1ms | Allocations: 75)
  Rendered messages/_main_chat.html.erb (Duration: 0.1ms | Allocations: 74)
  Rendered messages/index.html.erb within layouts/application (Duration: 1.5ms | Allocations: 816)
[Webpacker] Everything's up-to-date. Nothing to do
Completed 200 OK in 1048ms (Views: 1040.0ms | ActiveRecord: 0.0ms | Allocations: 1475778)


Started GET "/" for ::1 at 2021-02-01 17:04:49 +0900
Processing by MessagesController#index as HTML
  Rendering messages/index.html.erb within layouts/application
  Rendered messages/_side_bar.html.erb (Duration: 0.1ms | Allocations: 73)
  Rendered messages/_main_chat.html.erb (Duration: 0.1ms | Allocations: 72)
  Rendered messages/index.html.erb within layouts/application (Duration: 1.1ms | Allocations: 687)
[Webpacker] Everything's up-to-date. Nothing to do
Completed 200 OK in 12ms (Views: 10.2ms | ActiveRecord: 0.0ms | Allocations: 6833)


Started GET "/" for ::1 at 2021-02-01 17:05:28 +0900
Processing by MessagesController#index as HTML
  Rendering messages/index.html.erb within layouts/application
  Rendered messages/_side_bar.html.erb (Duration: 0.0ms | Allocations: 6)
  Rendered messages/_main_chat.html.erb (Duration: 0.0ms | Allocations: 5)
  Rendered messages/index.html.erb within layouts/application (Duration: 0.4ms | Allocations: 148)
[Webpacker] Everything's up-to-date. Nothing to do
Completed 200 OK in 18ms (Views: 17.5ms | ActiveRecord: 0.0ms | Allocations: 8902)


Started GET "/" for ::1 at 2021-02-01 17:05:29 +0900
Processing by MessagesController#index as HTML
  Rendering messages/index.html.erb within layouts/application
  Rendered messages/_side_bar.html.erb (Duration: 0.0ms | Allocations: 6)
  Rendered messages/_main_chat.html.erb (Duration: 0.0ms | Allocations: 5)
  Rendered messages/index.html.erb within layouts/application (Duration: 0.4ms | Allocations: 148)
[Webpacker] Everything's up-to-date. Nothing to do
Completed 200 OK in 12ms (Views: 10.8ms | ActiveRecord: 0.0ms | Allocations: 7819)


Started GET "/" for ::1 at 2021-02-01 17:05:57 +0900
Processing by MessagesController#index as HTML
  Rendering messages/index.html.erb within layouts/application
  Rendered messages/_side_bar.html.erb (Duration: 0.0ms | Allocations: 6)
  Rendered messages/_main_chat.html.erb (Duration: 0.0ms | Allocations: 5)
  Rendered messages/index.html.erb within layouts/application (Duration: 0.7ms | Allocations: 424)
[Webpacker] Everything's up-to-date. Nothing to do
Completed 200 OK in 11ms (Views: 9.8ms | ActiveRecord: 0.0ms | Allocations: 5780)


Started GET "/" for ::1 at 2021-02-01 17:17:13 +0900
  [1m[35m (1.1ms)[0m  [1m[35mSET NAMES utf8,  @@SESSION.sql_mode = CONCAT(CONCAT(@@sql_mode, ',STRICT_ALL_TABLES'), ',NO_AUTO_VALUE_ON_ZERO'),  @@SESSION.sql_auto_is_null = 0, @@SESSION.wait_timeout = 2147483[0m
Processing by MessagesController#index as HTML
  Rendering messages/index.html.erb within layouts/application
  Rendered messages/_side_bar.html.erb (Duration: 0.4ms | Allocations: 73)
  Rendered messages/_main_chat.html.erb (Duration: 0.4ms | Allocations: 72)
  Rendered messages/index.html.erb within layouts/application (Duration: 4.2ms | Allocations: 682)
[Webpacker] Everything's up-to-date. Nothing to do
Completed 200 OK in 30ms (Views: 27.2ms | ActiveRecord: 0.0ms | Allocations: 6847)


Started GET "/" for ::1 at 2021-02-01 17:30:27 +0900
  [1m[35m (0.4ms)[0m  [1m[35mSET NAMES utf8,  @@SESSION.sql_mode = CONCAT(CONCAT(@@sql_mode, ',STRICT_ALL_TABLES'), ',NO_AUTO_VALUE_ON_ZERO'),  @@SESSION.sql_auto_is_null = 0, @@SESSION.wait_timeout = 2147483[0m
Processing by MessagesController#index as HTML
  Rendering messages/index.html.erb within layouts/application
  Rendered messages/_side_bar.html.erb (Duration: 0.1ms | Allocations: 73)
  Rendered messages/_main_chat.html.erb (Duration: 0.1ms | Allocations: 72)
  Rendered messages/index.html.erb within layouts/application (Duration: 1.5ms | Allocations: 691)
[Webpacker] Everything's up-to-date. Nothing to do
Completed 200 OK in 21ms (Views: 18.8ms | ActiveRecord: 0.0ms | Allocations: 10069)


Started GET "/" for ::1 at 2021-02-01 17:35:17 +0900
Processing by MessagesController#index as HTML
  Rendering messages/index.html.erb within layouts/application
  Rendered messages/_side_bar.html.erb (Duration: 0.1ms | Allocations: 73)
  Rendered messages/_main_chat.html.erb (Duration: 0.1ms | Allocations: 72)
  Rendered messages/index.html.erb within layouts/application (Duration: 1.4ms | Allocations: 688)
[Webpacker] Everything's up-to-date. Nothing to do
Completed 200 OK in 21ms (Views: 20.5ms | ActiveRecord: 0.0ms | Allocations: 9624)


Started GET "/" for ::1 at 2021-02-01 17:35:52 +0900
Processing by MessagesController#index as HTML
  Rendering messages/index.html.erb within layouts/application
  Rendered messages/_side_bar.html.erb (Duration: 0.0ms | Allocations: 6)
  Rendered messages/_main_chat.html.erb (Duration: 0.0ms | Allocations: 5)
  Rendered messages/index.html.erb within layouts/application (Duration: 0.2ms | Allocations: 147)
[Webpacker] Everything's up-to-date. Nothing to do
Completed 200 OK in 21ms (Views: 20.1ms | ActiveRecord: 0.0ms | Allocations: 8599)


Started GET "/" for ::1 at 2021-02-01 17:35:53 +0900
Processing by MessagesController#index as HTML
  Rendering messages/index.html.erb within layouts/application
  Rendered messages/_side_bar.html.erb (Duration: 0.0ms | Allocations: 6)
  Rendered messages/_main_chat.html.erb (Duration: 0.0ms | Allocations: 5)
  Rendered messages/index.html.erb within layouts/application (Duration: 0.2ms | Allocations: 147)
[Webpacker] Everything's up-to-date. Nothing to do
Completed 200 OK in 7ms (Views: 6.4ms | ActiveRecord: 0.0ms | Allocations: 5418)


Started GET "/" for ::1 at 2021-02-01 17:35:55 +0900
Processing by MessagesController#index as HTML
  Rendering messages/index.html.erb within layouts/application
  Rendered messages/_side_bar.html.erb (Duration: 0.0ms | Allocations: 6)
  Rendered messages/_main_chat.html.erb (Duration: 0.0ms | Allocations: 5)
  Rendered messages/index.html.erb within layouts/application (Duration: 0.3ms | Allocations: 147)
[Webpacker] Everything's up-to-date. Nothing to do
Completed 200 OK in 8ms (Views: 7.4ms | ActiveRecord: 0.0ms | Allocations: 5399)


Started GET "/" for ::1 at 2021-02-01 17:48:03 +0900
  [1m[35m (0.5ms)[0m  [1m[35mSET NAMES utf8,  @@SESSION.sql_mode = CONCAT(CONCAT(@@sql_mode, ',STRICT_ALL_TABLES'), ',NO_AUTO_VALUE_ON_ZERO'),  @@SESSION.sql_auto_is_null = 0, @@SESSION.wait_timeout = 2147483[0m
Processing by MessagesController#index as HTML
  Rendering messages/index.html.erb within layouts/application
  Rendered messages/_side_bar.html.erb (Duration: 0.4ms | Allocations: 88)
  Rendered messages/_main_chat.html.erb (Duration: 0.3ms | Allocations: 84)
  Rendered messages/index.html.erb within layouts/application (Duration: 1.9ms | Allocations: 710)
[Webpacker] Everything's up-to-date. Nothing to do
Completed 200 OK in 24ms (Views: 21.7ms | ActiveRecord: 0.0ms | Allocations: 9658)


Started GET "/" for ::1 at 2021-02-01 17:50:06 +0900
Processing by MessagesController#index as HTML
  Rendering messages/index.html.erb within layouts/application
  Rendered messages/_side_bar.html.erb (Duration: 0.2ms | Allocations: 84)
  Rendered messages/_main_chat.html.erb (Duration: 0.3ms | Allocations: 86)
  Rendered messages/index.html.erb within layouts/application (Duration: 1.7ms | Allocations: 707)
[Webpacker] Everything's up-to-date. Nothing to do
Completed 200 OK in 13ms (Views: 11.9ms | ActiveRecord: 0.0ms | Allocations: 6893)


Started GET "/" for ::1 at 2021-02-01 17:50:06 +0900
Processing by MessagesController#index as HTML
  Rendering messages/index.html.erb within layouts/application
  Rendered messages/_side_bar.html.erb (Duration: 0.0ms | Allocations: 6)
  Rendered messages/_main_chat.html.erb (Duration: 0.0ms | Allocations: 5)
  Rendered messages/index.html.erb within layouts/application (Duration: 0.2ms | Allocations: 147)
[Webpacker] Everything's up-to-date. Nothing to do
Completed 200 OK in 7ms (Views: 6.3ms | ActiveRecord: 0.0ms | Allocations: 5408)


Started GET "/" for ::1 at 2021-02-01 17:50:28 +0900
Processing by MessagesController#index as HTML
  Rendering messages/index.html.erb within layouts/application
  Rendered messages/_side_bar.html.erb (Duration: 0.0ms | Allocations: 6)
  Rendered messages/_main_chat.html.erb (Duration: 0.0ms | Allocations: 5)
  Rendered messages/index.html.erb within layouts/application (Duration: 0.2ms | Allocations: 147)
[Webpacker] Everything's up-to-date. Nothing to do
Completed 200 OK in 18ms (Views: 17.6ms | ActiveRecord: 0.0ms | Allocations: 8600)


Started GET "/" for ::1 at 2021-02-01 17:50:28 +0900
Processing by MessagesController#index as HTML
  Rendering messages/index.html.erb within layouts/application
  Rendered messages/_side_bar.html.erb (Duration: 0.1ms | Allocations: 6)
  Rendered messages/_main_chat.html.erb (Duration: 0.0ms | Allocations: 5)
  Rendered messages/index.html.erb within layouts/application (Duration: 0.4ms | Allocations: 147)
[Webpacker] Everything's up-to-date. Nothing to do
Completed 200 OK in 7ms (Views: 5.7ms | ActiveRecord: 0.0ms | Allocations: 5414)


Started GET "/" for ::1 at 2021-02-01 17:50:29 +0900
Processing by MessagesController#index as HTML
  Rendering messages/index.html.erb within layouts/application
  Rendered messages/_side_bar.html.erb (Duration: 0.0ms | Allocations: 6)
  Rendered messages/_main_chat.html.erb (Duration: 0.4ms | Allocations: 5)
  Rendered messages/index.html.erb within layouts/application (Duration: 0.8ms | Allocations: 147)
[Webpacker] Everything's up-to-date. Nothing to do
Completed 200 OK in 12ms (Views: 11.3ms | ActiveRecord: 0.0ms | Allocations: 5395)


Started GET "/" for ::1 at 2021-02-01 17:53:01 +0900
Processing by MessagesController#index as HTML
  Rendering messages/index.html.erb within layouts/application
  Rendered messages/_side_bar.html.erb (Duration: 0.2ms | Allocations: 84)
  Rendered messages/_main_chat.html.erb (Duration: 0.3ms | Allocations: 86)
  Rendered messages/index.html.erb within layouts/application (Duration: 1.6ms | Allocations: 707)
[Webpacker] Everything's up-to-date. Nothing to do
Completed 200 OK in 18ms (Views: 15.8ms | ActiveRecord: 0.0ms | Allocations: 9659)


Started GET "/" for ::1 at 2021-02-01 17:53:02 +0900
Processing by MessagesController#index as HTML
  Rendering messages/index.html.erb within layouts/application
  Rendered messages/_side_bar.html.erb (Duration: 0.0ms | Allocations: 6)
  Rendered messages/_main_chat.html.erb (Duration: 0.1ms | Allocations: 5)
  Rendered messages/index.html.erb within layouts/application (Duration: 0.5ms | Allocations: 147)
[Webpacker] Everything's up-to-date. Nothing to do
Completed 200 OK in 9ms (Views: 7.8ms | ActiveRecord: 0.0ms | Allocations: 5433)


Started GET "/" for ::1 at 2021-02-01 17:59:15 +0900
  [1m[35m (0.4ms)[0m  [1m[35mSET NAMES utf8,  @@SESSION.sql_mode = CONCAT(CONCAT(@@sql_mode, ',STRICT_ALL_TABLES'), ',NO_AUTO_VALUE_ON_ZERO'),  @@SESSION.sql_auto_is_null = 0, @@SESSION.wait_timeout = 2147483[0m
Processing by MessagesController#index as HTML
  Rendering messages/index.html.erb within layouts/application
  Rendered messages/_side_bar.html.erb (Duration: 0.0ms | Allocations: 6)
  Rendered messages/_main_chat.html.erb (Duration: 0.0ms | Allocations: 5)
  Rendered messages/index.html.erb within layouts/application (Duration: 0.4ms | Allocations: 147)
[Webpacker] Everything's up-to-date. Nothing to do
Completed 200 OK in 34ms (Views: 32.1ms | ActiveRecord: 0.0ms | Allocations: 8602)


Started GET "/" for ::1 at 2021-02-01 18:00:14 +0900
Processing by MessagesController#index as HTML
  Rendering messages/index.html.erb within layouts/application
  Rendered messages/_side_bar.html.erb (Duration: 0.0ms | Allocations: 6)
  Rendered messages/_main_chat.html.erb (Duration: 0.0ms | Allocations: 5)
  Rendered messages/index.html.erb within layouts/application (Duration: 0.4ms | Allocations: 147)
[Webpacker] Everything's up-to-date. Nothing to do
Completed 200 OK in 19ms (Views: 18.1ms | ActiveRecord: 0.0ms | Allocations: 8565)


Started GET "/" for ::1 at 2021-02-01 18:00:16 +0900
Processing by MessagesController#index as HTML
  Rendering messages/index.html.erb within layouts/application
  Rendered messages/_side_bar.html.erb (Duration: 0.0ms | Allocations: 6)
  Rendered messages/_main_chat.html.erb (Duration: 0.0ms | Allocations: 5)
  Rendered messages/index.html.erb within layouts/application (Duration: 0.4ms | Allocations: 147)
[Webpacker] Everything's up-to-date. Nothing to do
Completed 200 OK in 8ms (Views: 7.0ms | ActiveRecord: 0.0ms | Allocations: 5422)


Started GET "/" for ::1 at 2021-02-01 18:00:47 +0900
Processing by MessagesController#index as HTML
  Rendering messages/index.html.erb within layouts/application
  Rendered messages/_side_bar.html.erb (Duration: 0.0ms | Allocations: 6)
  Rendered messages/_main_chat.html.erb (Duration: 0.1ms | Allocations: 5)
  Rendered messages/index.html.erb within layouts/application (Duration: 0.4ms | Allocations: 147)
[Webpacker] Everything's up-to-date. Nothing to do
Completed 200 OK in 14ms (Views: 12.6ms | ActiveRecord: 0.0ms | Allocations: 8167)


Started GET "/" for ::1 at 2021-02-01 18:00:47 +0900
Processing by MessagesController#index as HTML
  Rendering messages/index.html.erb within layouts/application
  Rendered messages/_side_bar.html.erb (Duration: 0.0ms | Allocations: 6)
  Rendered messages/_main_chat.html.erb (Duration: 0.0ms | Allocations: 5)
  Rendered messages/index.html.erb within layouts/application (Duration: 0.3ms | Allocations: 147)
[Webpacker] Everything's up-to-date. Nothing to do
Completed 200 OK in 9ms (Views: 8.0ms | ActiveRecord: 0.0ms | Allocations: 5414)


Started GET "/" for ::1 at 2021-02-01 18:02:33 +0900
Processing by MessagesController#index as HTML
  Rendering messages/index.html.erb within layouts/application
  Rendered messages/_side_bar.html.erb (Duration: 0.0ms | Allocations: 6)
  Rendered messages/_main_chat.html.erb (Duration: 0.0ms | Allocations: 5)
  Rendered messages/index.html.erb within layouts/application (Duration: 0.2ms | Allocations: 147)
[Webpacker] Everything's up-to-date. Nothing to do
Completed 200 OK in 25ms (Views: 21.7ms | ActiveRecord: 0.0ms | Allocations: 8181)


Started GET "/" for ::1 at 2021-02-01 18:02:33 +0900
Processing by MessagesController#index as HTML
  Rendering messages/index.html.erb within layouts/application
  Rendered messages/_side_bar.html.erb (Duration: 0.1ms | Allocations: 6)
  Rendered messages/_main_chat.html.erb (Duration: 0.0ms | Allocations: 5)
  Rendered messages/index.html.erb within layouts/application (Duration: 3.5ms | Allocations: 147)
[Webpacker] Everything's up-to-date. Nothing to do
Completed 200 OK in 12ms (Views: 11.4ms | ActiveRecord: 0.0ms | Allocations: 5398)


Started GET "/" for ::1 at 2021-02-01 18:02:52 +0900
Processing by MessagesController#index as HTML
  Rendering messages/index.html.erb within layouts/application
  Rendered messages/_side_bar.html.erb (Duration: 0.0ms | Allocations: 6)
  Rendered messages/_main_chat.html.erb (Duration: 0.0ms | Allocations: 5)
  Rendered messages/index.html.erb within layouts/application (Duration: 0.4ms | Allocations: 147)
[Webpacker] Everything's up-to-date. Nothing to do
Completed 200 OK in 38ms (Views: 36.8ms | ActiveRecord: 0.0ms | Allocations: 9030)


Started GET "/" for ::1 at 2021-02-01 18:02:52 +0900
Processing by MessagesController#index as HTML
  Rendering messages/index.html.erb within layouts/application
  Rendered messages/_side_bar.html.erb (Duration: 0.0ms | Allocations: 6)
  Rendered messages/_main_chat.html.erb (Duration: 0.0ms | Allocations: 5)
  Rendered messages/index.html.erb within layouts/application (Duration: 0.2ms | Allocations: 147)
[Webpacker] Everything's up-to-date. Nothing to do
Completed 200 OK in 9ms (Views: 6.7ms | ActiveRecord: 0.0ms | Allocations: 5416)


Started GET "/" for ::1 at 2021-02-01 18:02:54 +0900
Processing by MessagesController#index as HTML
  Rendering messages/index.html.erb within layouts/application
  Rendered messages/_side_bar.html.erb (Duration: 0.0ms | Allocations: 6)
  Rendered messages/_main_chat.html.erb (Duration: 0.0ms | Allocations: 5)
  Rendered messages/index.html.erb within layouts/application (Duration: 0.2ms | Allocations: 147)
[Webpacker] Everything's up-to-date. Nothing to do
Completed 200 OK in 11ms (Views: 10.2ms | ActiveRecord: 0.0ms | Allocations: 5403)


Started GET "/" for ::1 at 2021-02-01 18:04:32 +0900
Processing by MessagesController#index as HTML
  Rendering messages/index.html.erb within layouts/application
  Rendered messages/_side_bar.html.erb (Duration: 0.0ms | Allocations: 6)
  Rendered messages/_main_chat.html.erb (Duration: 0.0ms | Allocations: 5)
  Rendered messages/index.html.erb within layouts/application (Duration: 0.2ms | Allocations: 147)
[Webpacker] Everything's up-to-date. Nothing to do
Completed 200 OK in 20ms (Views: 19.5ms | ActiveRecord: 0.0ms | Allocations: 9362)


Started GET "/" for ::1 at 2021-02-01 18:04:34 +0900
Processing by MessagesController#index as HTML
  Rendering messages/index.html.erb within layouts/application
  Rendered messages/_side_bar.html.erb (Duration: 0.0ms | Allocations: 6)
  Rendered messages/_main_chat.html.erb (Duration: 0.0ms | Allocations: 5)
  Rendered messages/index.html.erb within layouts/application (Duration: 0.4ms | Allocations: 147)
[Webpacker] Everything's up-to-date. Nothing to do
Completed 200 OK in 10ms (Views: 9.0ms | ActiveRecord: 0.0ms | Allocations: 5412)


